========================================
Симуляция посетителей сайта
Дата: 2025-11-28 20:52:54
Количество посетителей: 10
Задержка между посетителями: 30с
========================================

[2025-11-28 20:52:54] Посетитель #1 начал сессию
  User-Agent: Mozilla/5.0 (iPad; CPU OS 17_1 like Mac OS X) AppleWebKit/605.1.15 (KHTML, like Gecko) Version/17.1 Mobile/15E148 Safari/604.1
  Referer: 'Direct'
  → Страница 1/2: /stati
    Задержка: 29с
  → Страница 2/2: /apteki
  ✓ Сессия завершена (2 страниц)

⏳ Ожидание следующего посетителя: 13с...
[2025-11-28 20:53:36] Посетитель #2 начал сессию
  User-Agent: Mozilla/5.0 (Windows NT 10.0; Win64; x64; rv:121.0) Gecko/20100101 Firefox/121.0
  Referer: https://www.google.com/search?q=укрепление+иммунитета
  → Страница 1/1: /
  ✓ Сессия завершена (1 страниц)

⏳ Ожидание следующего посетителя: 34с...
========================================
Симуляция посетителей сайта
Дата: 2025-11-28 20:53:53
Количество посетителей: 50
Задержка между посетителями: 30с
========================================

[2025-11-28 20:53:53] Посетитель #1 начал сессию
  User-Agent: Mozilla/5.0 (Linux; Android 13; SM-S918B) AppleWebKit/537.36 (KHTML, like Gecko) Chrome/120.0.0.0 Mobile Safari/537.36
  Referer: https://www.youtube.com/
  → Страница 1/2: /sostav-inmunoflama
    Задержка: 5с
========================================
Симуляция посетителей сайта
Дата: 2025-11-28 20:53:54
Количество посетителей: 100
Задержка между посетителями: 60с
========================================

[2025-11-28 20:53:54] Посетитель #1 начал сессию
  User-Agent: Mozilla/5.0 (iPad; CPU OS 17_1 like Mac OS X) AppleWebKit/605.1.15 (KHTML, like Gecko) Version/17.1 Mobile/15E148 Safari/604.1
  Referer: https://www.bing.com/search?q=инмунофлам
  → Страница 1/4: /
    Задержка: 6с
